<?xml version="1.0" encoding="UTF-8"?>
<!-- Generated by org.testng.reporters.JUnitXMLReporter -->
<testsuite ignored="0" hostname="DESKTOP-9M55QQJ" failures="0" tests="2" name="Test" time="4.139" errors="0" timestamp="2023-01-18T11:00:57 IST">
  <testcase classname="neoStoxTest.ValidateNeoStoxUsernameProperties" name="@BeforeClass LaunchBrowser" time="4.076">
    <failure type="org.openqa.selenium.SessionNotCreatedException" message="Could not start a new session. Response code 500. Message: session not created: This version of ChromeDriver only supports Chrome version 107
Current browser version is 109.0.5414.75 with binary path C:\Program Files\Google\Chrome\Application\chrome.exe 
Host info: host: &amp;apos;DESKTOP-9M55QQJ&amp;apos;, ip: &amp;apos;192.168.1.3&amp;apos;
Build info: version: &amp;apos;4.6.0&amp;apos;, revision: &amp;apos;79f1c02ae20&amp;apos;
System info: os.name: &amp;apos;Windows 11&amp;apos;, os.arch: &amp;apos;amd64&amp;apos;, os.version: &amp;apos;10.0&amp;apos;, java.version: &amp;apos;11.0.15&amp;apos;
Driver info: org.openqa.selenium.chrome.ChromeDriver
Command: [null, newSession {capabilities=[Capabilities {browserName: chrome, goog:chromeOptions: {args: [], extensions: []}}], desiredCapabilities=Capabilities {browserName: chrome, goog:chromeOptions: {args: [], extensions: []}}}]">
      <![CDATA[org.openqa.selenium.SessionNotCreatedException: Could not start a new session. Response code 500. Message: session not created: This version of ChromeDriver only supports Chrome version 107
Current browser version is 109.0.5414.75 with binary path C:\Program Files\Google\Chrome\Application\chrome.exe 
Host info: host: 'DESKTOP-9M55QQJ', ip: '192.168.1.3'
Build info: version: '4.6.0', revision: '79f1c02ae20'
System info: os.name: 'Windows 11', os.arch: 'amd64', os.version: '10.0', java.version: '11.0.15'
Driver info: org.openqa.selenium.chrome.ChromeDriver
Command: [null, newSession {capabilities=[Capabilities {browserName: chrome, goog:chromeOptions: {args: [], extensions: []}}], desiredCapabilities=Capabilities {browserName: chrome, goog:chromeOptions: {args: [], extensions: []}}}]
at org.openqa.selenium.remote.ProtocolHandshake.createSession(ProtocolHandshake.java:146)
at org.openqa.selenium.remote.ProtocolHandshake.createSession(ProtocolHandshake.java:101)
at org.openqa.selenium.remote.ProtocolHandshake.createSession(ProtocolHandshake.java:67)
at org.openqa.selenium.remote.HttpCommandExecutor.execute(HttpCommandExecutor.java:156)
at org.openqa.selenium.remote.service.DriverCommandExecutor.invokeExecute(DriverCommandExecutor.java:167)
at org.openqa.selenium.remote.service.DriverCommandExecutor.execute(DriverCommandExecutor.java:142)
at org.openqa.selenium.remote.RemoteWebDriver.execute(RemoteWebDriver.java:541)
at org.openqa.selenium.remote.RemoteWebDriver.startSession(RemoteWebDriver.java:242)
at org.openqa.selenium.remote.RemoteWebDriver.<init>(RemoteWebDriver.java:157)
at org.openqa.selenium.chromium.ChromiumDriver.<init>(ChromiumDriver.java:101)
at org.openqa.selenium.chrome.ChromeDriver.<init>(ChromeDriver.java:81)
at org.openqa.selenium.chrome.ChromeDriver.<init>(ChromeDriver.java:49)
at neoStoxBase.BaseProperties.Launchbrowser(BaseProperties.java:19)
at neoStoxTest.ValidateNeoStoxUsernameProperties.LaunchBrowser(ValidateNeoStoxUsernameProperties.java:40)
at java.base/java.util.ArrayList.forEach(ArrayList.java:1541)
... Removed 25 stack frames]]>
    </failure>
  </testcase> <!-- @BeforeClass LaunchBrowser -->
  <testcase classname="neoStoxTest.ValidateNeoStoxUsernameProperties" name="@BeforeMethod LogintoNeostox" time="-1.674019857848E9">
    <skipped/>
  </testcase> <!-- @BeforeMethod LogintoNeostox -->
  <testcase classname="neoStoxTest.ValidateNeoStoxUsernameProperties" name="@AfterMethod logout" time="-1.674019857857E9">
    <skipped/>
  </testcase> <!-- @AfterMethod logout -->
  <testcase classname="neoStoxTest.ValidateNeoStoxUsernameProperties" name="@BeforeMethod LogintoNeostox" time="-1.674019857859E9">
    <skipped/>
  </testcase> <!-- @BeforeMethod LogintoNeostox -->
  <testcase classname="neoStoxTest.ValidateNeoStoxUsernameProperties" name="@AfterMethod logout" time="-1.674019857863E9">
    <skipped/>
  </testcase> <!-- @AfterMethod logout -->
  <testcase classname="neoStoxTest.ValidateNeoStoxUsernameProperties" name="@AfterClass closeBrowser" time="-1.674019857865E9">
    <skipped/>
  </testcase> <!-- @AfterClass closeBrowser -->
  <testcase classname="neoStoxTest.ValidateNeoStoxUsernameProperties" name="validateNeoStoxAccBalance" time="0.0">
    <skipped/>
  </testcase> <!-- validateNeoStoxAccBalance -->
  <testcase classname="neoStoxTest.ValidateNeoStoxUsernameProperties" name="validateNeoStoxUserName" time="0.0">
    <skipped/>
  </testcase> <!-- validateNeoStoxUserName -->
</testsuite> <!-- Test -->
